<?xml version="1.0" encoding="UTF-8"?>
<testng-results skipped="3" failed="0" total="5" passed="2">
  <reporter-output>
  </reporter-output>
  <suite name="Suite" duration-ms="27234" started-at="2019-04-15T01:55:27Z" finished-at="2019-04-15T01:55:54Z">
    <groups>
    </groups>
    <test name="Login guru on Chrome" duration-ms="27234" started-at="2019-04-15T01:55:27Z" finished-at="2019-04-15T01:55:54Z">
      <class name="BankGuruTestcases.EditCustomerScript">
        <test-method status="FAIL" signature="BeforeClass(java.lang.String, java.lang.String, java.lang.String)[pri:0, instance:BankGuruTestcases.EditCustomerScript@4cc0edeb]" name="BeforeClass" is-config="true" duration-ms="0" started-at="2019-04-15T08:55:50Z" finished-at="2019-04-15T08:55:50Z">
          <params>
            <param index="0">
              <value>
                <![CDATA[chrome]]>
              </value>
            </param>
            <param index="1">
              <value>
                <![CDATA[2.47]]>
              </value>
            </param>
            <param index="2">
              <value>
                <![CDATA[http://demo.guru99.com/v4]]>
              </value>
            </param>
          </params>
          <exception class="org.openqa.selenium.WebDriverException">
            <message>
              <![CDATA[unknown error: cannot determine loading status
from unknown error: cannot determine loading status
from disconnected: received Inspector.detached event
  (Session info: chrome=73.0.3683.103)
  (Driver info: chromedriver=2.45.615291 (ec3682e3c9061c10f26ea9e5cdcf3c53f3f74387),platform=Windows NT 10.0.17134 x86_64) (WARNING: The server did not provide any stacktrace information)
Command duration or timeout: 0 milliseconds
Build info: version: '3.11.0', revision: 'e59cfb3', time: '2018-03-11T20:26:55.152Z'
System info: host: 'LAPTOP-4MO39718', ip: '192.168.1.4', os.name: 'Windows 10', os.arch: 'amd64', os.version: '10.0', java.version: '1.8.0_201'
Driver info: org.openqa.selenium.chrome.ChromeDriver
Capabilities {acceptInsecureCerts: false, acceptSslCerts: false, applicationCacheEnabled: false, browserConnectionEnabled: false, browserName: chrome, chrome: {chromedriverVersion: 2.45.615291 (ec3682e3c9061c..., userDataDir: C:\Users\DUYEND~1\AppData\L...}, cssSelectorsEnabled: true, databaseEnabled: false, goog:chromeOptions: {debuggerAddress: localhost:58359}, handlesAlerts: true, hasTouchScreen: false, javascriptEnabled: true, locationContextEnabled: true, mobileEmulationEnabled: false, nativeEvents: true, networkConnectionEnabled: false, pageLoadStrategy: normal, platform: XP, platformName: XP, proxy: Proxy(), rotatable: false, setWindowRect: true, strictFileInteractability: false, takesHeapSnapshot: true, takesScreenshot: true, timeouts: {implicit: 0, pageLoad: 300000, script: 30000}, unexpectedAlertBehaviour: ignore, unhandledPromptBehavior: ignore, version: 73.0.3683.103, webStorageEnabled: true}
Session ID: 5bb8edf985633fe2e1328739834deb03]]>
            </message>
            <full-stacktrace>
              <![CDATA[org.openqa.selenium.WebDriverException: unknown error: cannot determine loading status
from unknown error: cannot determine loading status
from disconnected: received Inspector.detached event
  (Session info: chrome=73.0.3683.103)
  (Driver info: chromedriver=2.45.615291 (ec3682e3c9061c10f26ea9e5cdcf3c53f3f74387),platform=Windows NT 10.0.17134 x86_64) (WARNING: The server did not provide any stacktrace information)
Command duration or timeout: 0 milliseconds
Build info: version: '3.11.0', revision: 'e59cfb3', time: '2018-03-11T20:26:55.152Z'
System info: host: 'LAPTOP-4MO39718', ip: '192.168.1.4', os.name: 'Windows 10', os.arch: 'amd64', os.version: '10.0', java.version: '1.8.0_201'
Driver info: org.openqa.selenium.chrome.ChromeDriver
Capabilities {acceptInsecureCerts: false, acceptSslCerts: false, applicationCacheEnabled: false, browserConnectionEnabled: false, browserName: chrome, chrome: {chromedriverVersion: 2.45.615291 (ec3682e3c9061c..., userDataDir: C:\Users\DUYEND~1\AppData\L...}, cssSelectorsEnabled: true, databaseEnabled: false, goog:chromeOptions: {debuggerAddress: localhost:58359}, handlesAlerts: true, hasTouchScreen: false, javascriptEnabled: true, locationContextEnabled: true, mobileEmulationEnabled: false, nativeEvents: true, networkConnectionEnabled: false, pageLoadStrategy: normal, platform: XP, platformName: XP, proxy: Proxy(), rotatable: false, setWindowRect: true, strictFileInteractability: false, takesHeapSnapshot: true, takesScreenshot: true, timeouts: {implicit: 0, pageLoad: 300000, script: 30000}, unexpectedAlertBehaviour: ignore, unhandledPromptBehavior: ignore, version: 73.0.3683.103, webStorageEnabled: true}
Session ID: 5bb8edf985633fe2e1328739834deb03
	at sun.reflect.NativeConstructorAccessorImpl.newInstance0(Native Method)
	at sun.reflect.NativeConstructorAccessorImpl.newInstance(Unknown Source)
	at sun.reflect.DelegatingConstructorAccessorImpl.newInstance(Unknown Source)
	at java.lang.reflect.Constructor.newInstance(Unknown Source)
	at org.openqa.selenium.remote.ErrorHandler.createThrowable(ErrorHandler.java:214)
	at org.openqa.selenium.remote.ErrorHandler.throwIfResponseFailed(ErrorHandler.java:166)
	at org.openqa.selenium.remote.http.JsonHttpResponseCodec.reconstructValue(JsonHttpResponseCodec.java:40)
	at org.openqa.selenium.remote.http.AbstractHttpResponseCodec.decode(AbstractHttpResponseCodec.java:80)
	at org.openqa.selenium.remote.http.AbstractHttpResponseCodec.decode(AbstractHttpResponseCodec.java:44)
	at org.openqa.selenium.remote.HttpCommandExecutor.execute(HttpCommandExecutor.java:158)
	at org.openqa.selenium.remote.service.DriverCommandExecutor.execute(DriverCommandExecutor.java:83)
	at org.openqa.selenium.remote.RemoteWebDriver.execute(RemoteWebDriver.java:545)
	at org.openqa.selenium.remote.RemoteWebDriver.get(RemoteWebDriver.java:273)
	at commonPage.CommonTestcases.openMultiBrowser(CommonTestcases.java:23)
	at BankGuruTestcases.EditCustomerScript.BeforeClass(EditCustomerScript.java:27)
	at sun.reflect.NativeMethodAccessorImpl.invoke0(Native Method)
	at sun.reflect.NativeMethodAccessorImpl.invoke(Unknown Source)
	at sun.reflect.DelegatingMethodAccessorImpl.invoke(Unknown Source)
	at java.lang.reflect.Method.invoke(Unknown Source)
	at org.testng.internal.MethodInvocationHelper.invokeMethod(MethodInvocationHelper.java:80)
	at org.testng.internal.Invoker.invokeConfigurationMethod(Invoker.java:564)
	at org.testng.internal.Invoker.invokeConfigurations(Invoker.java:213)
	at org.testng.internal.Invoker.invokeConfigurations(Invoker.java:138)
	at org.testng.internal.TestMethodWorker.invokeBeforeClassMethods(TestMethodWorker.java:175)
	at org.testng.internal.TestMethodWorker.run(TestMethodWorker.java:107)
	at org.testng.TestRunner.privateRun(TestRunner.java:767)
	at org.testng.TestRunner.run(TestRunner.java:617)
	at org.testng.SuiteRunner.runTest(SuiteRunner.java:334)
	at org.testng.SuiteRunner.access$000(SuiteRunner.java:37)
	at org.testng.SuiteRunner$SuiteWorker.run(SuiteRunner.java:368)
	at org.testng.internal.thread.ThreadUtil$2.call(ThreadUtil.java:64)
	at java.util.concurrent.FutureTask.run(Unknown Source)
	at java.util.concurrent.ThreadPoolExecutor.runWorker(Unknown Source)
	at java.util.concurrent.ThreadPoolExecutor$Worker.run(Unknown Source)
	at java.lang.Thread.run(Unknown Source)
]]>
            </full-stacktrace>
          </exception> <!-- org.openqa.selenium.WebDriverException -->
          <reporter-output>
          </reporter-output>
        </test-method> <!-- BeforeClass -->
        <test-method status="SKIP" signature="TC_01_EditCustomerName()[pri:0, instance:BankGuruTestcases.EditCustomerScript@4cc0edeb]" name="TC_01_EditCustomerName" duration-ms="1" started-at="2019-04-15T08:55:54Z" finished-at="2019-04-15T08:55:54Z">
          <reporter-output>
          </reporter-output>
        </test-method> <!-- TC_01_EditCustomerName -->
        <test-method status="SKIP" signature="AfterClass()[pri:0, instance:BankGuruTestcases.EditCustomerScript@4cc0edeb]" name="AfterClass" is-config="true" duration-ms="0" started-at="2019-04-15T08:55:54Z" finished-at="2019-04-15T08:55:54Z">
          <reporter-output>
          </reporter-output>
        </test-method> <!-- AfterClass -->
      </class> <!-- BankGuruTestcases.EditCustomerScript -->
      <class name="BankGuruTestcases.RegisterScript">
        <test-method status="PASS" signature="beforeClass(java.lang.String, java.lang.String, java.lang.String)[pri:0, instance:BankGuruTestcases.RegisterScript@7823a2f9]" name="beforeClass" is-config="true" duration-ms="10497" started-at="2019-04-15T08:55:27Z" finished-at="2019-04-15T08:55:37Z">
          <params>
            <param index="0">
              <value>
                <![CDATA[chrome]]>
              </value>
            </param>
            <param index="1">
              <value>
                <![CDATA[2.47]]>
              </value>
            </param>
            <param index="2">
              <value>
                <![CDATA[http://demo.guru99.com/v4]]>
              </value>
            </param>
          </params>
          <reporter-output>
          </reporter-output>
        </test-method> <!-- beforeClass -->
        <test-method status="PASS" signature="getAccountRegister()[pri:0, instance:BankGuruTestcases.RegisterScript@7823a2f9]" name="getAccountRegister" duration-ms="1485" started-at="2019-04-15T08:55:37Z" finished-at="2019-04-15T08:55:39Z">
          <reporter-output>
          </reporter-output>
        </test-method> <!-- getAccountRegister -->
        <test-method status="PASS" signature="afterClass()[pri:0, instance:BankGuruTestcases.RegisterScript@7823a2f9]" name="afterClass" is-config="true" duration-ms="659" started-at="2019-04-15T08:55:39Z" finished-at="2019-04-15T08:55:39Z">
          <reporter-output>
          </reporter-output>
        </test-method> <!-- afterClass -->
      </class> <!-- BankGuruTestcases.RegisterScript -->
      <class name="BankGuruTestcases.NewCustomerScript">
        <test-method status="PASS" signature="BeforeClass(java.lang.String, java.lang.String, java.lang.String)[pri:0, instance:BankGuruTestcases.NewCustomerScript@d2cc05a]" name="BeforeClass" is-config="true" duration-ms="9093" started-at="2019-04-15T08:55:39Z" finished-at="2019-04-15T08:55:49Z">
          <params>
            <param index="0">
              <value>
                <![CDATA[chrome]]>
              </value>
            </param>
            <param index="1">
              <value>
                <![CDATA[2.47]]>
              </value>
            </param>
            <param index="2">
              <value>
                <![CDATA[http://demo.guru99.com/v4]]>
              </value>
            </param>
          </params>
          <reporter-output>
          </reporter-output>
        </test-method> <!-- BeforeClass -->
        <test-method status="PASS" signature="BeforeMethod()[pri:0, instance:BankGuruTestcases.NewCustomerScript@d2cc05a]" name="BeforeMethod" is-config="true" duration-ms="1017" started-at="2019-04-15T08:55:49Z" finished-at="2019-04-15T08:55:50Z">
          <reporter-output>
          </reporter-output>
        </test-method> <!-- BeforeMethod -->
        <test-method status="PASS" signature="TC_01_CustomerCannotBlank()[pri:0, instance:BankGuruTestcases.NewCustomerScript@d2cc05a]" name="TC_01_CustomerCannotBlank" duration-ms="164" started-at="2019-04-15T08:55:50Z" finished-at="2019-04-15T08:55:50Z">
          <reporter-output>
          </reporter-output>
        </test-method> <!-- TC_01_CustomerCannotBlank -->
        <test-method status="PASS" signature="AfterClass()[pri:0, instance:BankGuruTestcases.NewCustomerScript@d2cc05a]" name="AfterClass" is-config="true" duration-ms="671" started-at="2019-04-15T08:55:50Z" finished-at="2019-04-15T08:55:50Z">
          <reporter-output>
          </reporter-output>
        </test-method> <!-- AfterClass -->
        <test-method status="FAIL" signature="BeforeMethod()[pri:0, instance:BankGuruTestcases.NewCustomerScript@d2cc05a]" name="BeforeMethod" is-config="true" duration-ms="0" started-at="2019-04-15T08:55:50Z" finished-at="2019-04-15T08:55:50Z">
          <exception class="org.openqa.selenium.NoSuchSessionException">
            <message>
              <![CDATA[Session ID is null. Using WebDriver after calling quit()?
Build info: version: '3.11.0', revision: 'e59cfb3', time: '2018-03-11T20:26:55.152Z'
System info: host: 'LAPTOP-4MO39718', ip: '192.168.1.4', os.name: 'Windows 10', os.arch: 'amd64', os.version: '10.0', java.version: '1.8.0_201'
Driver info: driver.version: RemoteWebDriver]]>
            </message>
            <full-stacktrace>
              <![CDATA[org.openqa.selenium.NoSuchSessionException: Session ID is null. Using WebDriver after calling quit()?
Build info: version: '3.11.0', revision: 'e59cfb3', time: '2018-03-11T20:26:55.152Z'
System info: host: 'LAPTOP-4MO39718', ip: '192.168.1.4', os.name: 'Windows 10', os.arch: 'amd64', os.version: '10.0', java.version: '1.8.0_201'
Driver info: driver.version: RemoteWebDriver
	at org.openqa.selenium.remote.HttpCommandExecutor.execute(HttpCommandExecutor.java:125)
	at org.openqa.selenium.remote.service.DriverCommandExecutor.execute(DriverCommandExecutor.java:83)
	at org.openqa.selenium.remote.RemoteWebDriver.execute(RemoteWebDriver.java:545)
	at org.openqa.selenium.remote.RemoteWebDriver.findElements(RemoteWebDriver.java:346)
	at org.openqa.selenium.remote.RemoteWebDriver.findElementsByXPath(RemoteWebDriver.java:425)
	at org.openqa.selenium.By$ByXPath.findElements(By.java:356)
	at org.openqa.selenium.remote.RemoteWebDriver.findElements(RemoteWebDriver.java:307)
	at org.openqa.selenium.support.ui.ExpectedConditions.findElement(ExpectedConditions.java:895)
	at org.openqa.selenium.support.ui.ExpectedConditions.access$000(ExpectedConditions.java:44)
	at org.openqa.selenium.support.ui.ExpectedConditions$7.apply(ExpectedConditions.java:206)
	at org.openqa.selenium.support.ui.ExpectedConditions$7.apply(ExpectedConditions.java:202)
	at org.openqa.selenium.support.ui.FluentWait.until(FluentWait.java:248)
	at commonPage.CommonFunctions.waitVisible(CommonFunctions.java:346)
	at bankGuruActions.HomePage.ClickNewCustomer(HomePage.java:17)
	at BankGuruTestcases.NewCustomerScript.BeforeMethod(NewCustomerScript.java:48)
	at sun.reflect.NativeMethodAccessorImpl.invoke0(Native Method)
	at sun.reflect.NativeMethodAccessorImpl.invoke(Unknown Source)
	at sun.reflect.DelegatingMethodAccessorImpl.invoke(Unknown Source)
	at java.lang.reflect.Method.invoke(Unknown Source)
	at org.testng.internal.MethodInvocationHelper.invokeMethod(MethodInvocationHelper.java:80)
	at org.testng.internal.Invoker.invokeConfigurationMethod(Invoker.java:564)
	at org.testng.internal.Invoker.invokeConfigurations(Invoker.java:213)
	at org.testng.internal.Invoker.invokeMethod(Invoker.java:653)
	at org.testng.internal.Invoker.invokeTestMethod(Invoker.java:901)
	at org.testng.internal.Invoker.invokeTestMethods(Invoker.java:1231)
	at org.testng.internal.TestMethodWorker.invokeTestMethods(TestMethodWorker.java:127)
	at org.testng.internal.TestMethodWorker.run(TestMethodWorker.java:111)
	at org.testng.TestRunner.privateRun(TestRunner.java:767)
	at org.testng.TestRunner.run(TestRunner.java:617)
	at org.testng.SuiteRunner.runTest(SuiteRunner.java:334)
	at org.testng.SuiteRunner.access$000(SuiteRunner.java:37)
	at org.testng.SuiteRunner$SuiteWorker.run(SuiteRunner.java:368)
	at org.testng.internal.thread.ThreadUtil$2.call(ThreadUtil.java:64)
	at java.util.concurrent.FutureTask.run(Unknown Source)
	at java.util.concurrent.ThreadPoolExecutor.runWorker(Unknown Source)
	at java.util.concurrent.ThreadPoolExecutor$Worker.run(Unknown Source)
	at java.lang.Thread.run(Unknown Source)
]]>
            </full-stacktrace>
          </exception> <!-- org.openqa.selenium.NoSuchSessionException -->
          <reporter-output>
          </reporter-output>
        </test-method> <!-- BeforeMethod -->
        <test-method status="SKIP" signature="TC_02_DateFieldCannotBlank()[pri:0, instance:BankGuruTestcases.NewCustomerScript@d2cc05a]" name="TC_02_DateFieldCannotBlank" duration-ms="2" started-at="2019-04-15T08:55:50Z" finished-at="2019-04-15T08:55:50Z">
          <reporter-output>
          </reporter-output>
        </test-method> <!-- TC_02_DateFieldCannotBlank -->
        <test-method status="SKIP" signature="AfterClass()[pri:0, instance:BankGuruTestcases.NewCustomerScript@d2cc05a]" name="AfterClass" is-config="true" duration-ms="0" started-at="2019-04-15T08:55:50Z" finished-at="2019-04-15T08:55:50Z">
          <reporter-output>
          </reporter-output>
        </test-method> <!-- AfterClass -->
        <test-method status="SKIP" signature="BeforeMethod()[pri:0, instance:BankGuruTestcases.NewCustomerScript@d2cc05a]" name="BeforeMethod" is-config="true" duration-ms="0" started-at="2019-04-15T08:55:50Z" finished-at="2019-04-15T08:55:50Z">
          <reporter-output>
          </reporter-output>
        </test-method> <!-- BeforeMethod -->
        <test-method status="SKIP" signature="TC_03_SignUpNewCustomer()[pri:0, instance:BankGuruTestcases.NewCustomerScript@d2cc05a]" name="TC_03_SignUpNewCustomer" duration-ms="1" started-at="2019-04-15T08:55:50Z" finished-at="2019-04-15T08:55:50Z">
          <reporter-output>
          </reporter-output>
        </test-method> <!-- TC_03_SignUpNewCustomer -->
        <test-method status="SKIP" signature="AfterClass()[pri:0, instance:BankGuruTestcases.NewCustomerScript@d2cc05a]" name="AfterClass" is-config="true" duration-ms="0" started-at="2019-04-15T08:55:50Z" finished-at="2019-04-15T08:55:50Z">
          <reporter-output>
          </reporter-output>
        </test-method> <!-- AfterClass -->
        <test-method status="SKIP" signature="AfterClass()[pri:0, instance:BankGuruTestcases.NewCustomerScript@d2cc05a]" name="AfterClass" is-config="true" duration-ms="0" started-at="2019-04-15T08:55:50Z" finished-at="2019-04-15T08:55:50Z">
          <reporter-output>
          </reporter-output>
        </test-method> <!-- AfterClass -->
      </class> <!-- BankGuruTestcases.NewCustomerScript -->
    </test> <!-- Login guru on Chrome -->
  </suite> <!-- Suite -->
</testng-results>
